{"C:\\www\\meet\\src\\App.jsx": {"path":"C:\\www\\meet\\src\\App.jsx","statementMap":{"0":{"start":{"line":8,"column":12},"end":{"line":16,"column":1}},"1":{"start":{"line":9,"column":1},"end":{"line":15,"column":3}}},"fnMap":{"0":{"name":"(anonymous_0)","decl":{"start":{"line":8,"column":12},"end":{"line":8,"column":13}},"loc":{"start":{"line":8,"column":18},"end":{"line":16,"column":1}},"line":8}},"branchMap":{},"s":{"0":1,"1":4},"f":{"0":4},"b":{},"_coverageSchema":"1a1c01bbd47fc00a2c39e90264f33305004495a9","hash":"381b384eded43ad989583e0acd2f347df33e939e"}
,"C:\\www\\meet\\src\\api.js": {"path":"C:\\www\\meet\\src\\api.js","statementMap":{"0":{"start":{"line":15,"column":32},"end":{"line":19,"column":1}},"1":{"start":{"line":16,"column":29},"end":{"line":16,"column":66}},"2":{"start":{"line":16,"column":51},"end":{"line":16,"column":65}},"3":{"start":{"line":17,"column":20},"end":{"line":17,"column":52}},"4":{"start":{"line":18,"column":2},"end":{"line":18,"column":19}},"5":{"start":{"line":26,"column":25},"end":{"line":28,"column":1}},"6":{"start":{"line":27,"column":2},"end":{"line":27,"column":18}}},"fnMap":{"0":{"name":"(anonymous_0)","decl":{"start":{"line":15,"column":32},"end":{"line":15,"column":33}},"loc":{"start":{"line":15,"column":44},"end":{"line":19,"column":1}},"line":15},"1":{"name":"(anonymous_1)","decl":{"start":{"line":16,"column":40},"end":{"line":16,"column":41}},"loc":{"start":{"line":16,"column":51},"end":{"line":16,"column":65}},"line":16},"2":{"name":"(anonymous_2)","decl":{"start":{"line":26,"column":25},"end":{"line":26,"column":26}},"loc":{"start":{"line":26,"column":37},"end":{"line":28,"column":1}},"line":26}},"branchMap":{},"s":{"0":3,"1":2,"2":70,"3":2,"4":2,"5":3,"6":4},"f":{"0":2,"1":70,"2":4},"b":{},"_coverageSchema":"1a1c01bbd47fc00a2c39e90264f33305004495a9","hash":"2f65ca90a180bdd924d1bc6820e410224ceda7d5"}
,"C:\\www\\meet\\src\\mock-data.js": {"path":"C:\\www\\meet\\src\\mock-data.js","statementMap":{"0":{"start":{"line":3,"column":17},"end":{"line":1369,"column":2}}},"fnMap":{},"branchMap":{},"s":{"0":3},"f":{},"b":{},"_coverageSchema":"1a1c01bbd47fc00a2c39e90264f33305004495a9","hash":"2045d15f2a952b93f9091a080c0b0953886d2ecc"}
,"C:\\www\\meet\\src\\components\\CitySearch.jsx": {"path":"C:\\www\\meet\\src\\components\\CitySearch.jsx","statementMap":{"0":{"start":{"line":7,"column":19},"end":{"line":52,"column":1}},"1":{"start":{"line":8,"column":48},"end":{"line":8,"column":63}},"2":{"start":{"line":9,"column":28},"end":{"line":9,"column":40}},"3":{"start":{"line":10,"column":40},"end":{"line":10,"column":52}},"4":{"start":{"line":12,"column":28},"end":{"line":21,"column":3}},"5":{"start":{"line":13,"column":18},"end":{"line":13,"column":36}},"6":{"start":{"line":14,"column":30},"end":{"line":16,"column":11}},"7":{"start":{"line":15,"column":6},"end":{"line":15,"column":70}},"8":{"start":{"line":19,"column":4},"end":{"line":19,"column":20}},"9":{"start":{"line":20,"column":4},"end":{"line":20,"column":38}},"10":{"start":{"line":23,"column":28},"end":{"line":27,"column":3}},"11":{"start":{"line":24,"column":18},"end":{"line":24,"column":42}},"12":{"start":{"line":25,"column":4},"end":{"line":25,"column":20}},"13":{"start":{"line":26,"column":4},"end":{"line":26,"column":30}},"14":{"start":{"line":29,"column":1},"end":{"line":51,"column":6}},"15":{"start":{"line":36,"column":23},"end":{"line":36,"column":47}},"16":{"start":{"line":42,"column":12},"end":{"line":42,"column":85}}},"fnMap":{"0":{"name":"(anonymous_0)","decl":{"start":{"line":7,"column":19},"end":{"line":7,"column":20}},"loc":{"start":{"line":7,"column":41},"end":{"line":52,"column":1}},"line":7},"1":{"name":"(anonymous_1)","decl":{"start":{"line":12,"column":28},"end":{"line":12,"column":29}},"loc":{"start":{"line":12,"column":39},"end":{"line":21,"column":3}},"line":12},"2":{"name":"(anonymous_2)","decl":{"start":{"line":14,"column":65},"end":{"line":14,"column":66}},"loc":{"start":{"line":14,"column":79},"end":{"line":16,"column":5}},"line":14},"3":{"name":"(anonymous_3)","decl":{"start":{"line":23,"column":28},"end":{"line":23,"column":29}},"loc":{"start":{"line":23,"column":39},"end":{"line":27,"column":3}},"line":23},"4":{"name":"(anonymous_4)","decl":{"start":{"line":36,"column":17},"end":{"line":36,"column":18}},"loc":{"start":{"line":36,"column":23},"end":{"line":36,"column":47}},"line":36},"5":{"name":"(anonymous_5)","decl":{"start":{"line":41,"column":27},"end":{"line":41,"column":28}},"loc":{"start":{"line":41,"column":43},"end":{"line":43,"column":11}},"line":41}},"branchMap":{"0":{"loc":{"start":{"line":14,"column":30},"end":{"line":16,"column":11}},"type":"cond-expr","locations":[{"start":{"line":14,"column":45},"end":{"line":16,"column":6}},{"start":{"line":16,"column":9},"end":{"line":16,"column":11}}],"line":14},"1":{"loc":{"start":{"line":39,"column":7},"end":{"line":48,"column":14}},"type":"cond-expr","locations":[{"start":{"line":40,"column":8},"end":{"line":47,"column":13}},{"start":{"line":48,"column":10},"end":{"line":48,"column":14}}],"line":39}},"s":{"0":2,"1":27,"2":27,"3":27,"4":27,"5":12,"6":12,"7":24,"8":12,"9":12,"10":27,"11":1,"12":1,"13":1,"14":27,"15":3,"16":12},"f":{"0":27,"1":12,"2":24,"3":1,"4":3,"5":12},"b":{"0":[12,0],"1":[15,12]},"_coverageSchema":"1a1c01bbd47fc00a2c39e90264f33305004495a9","hash":"16266520b8053c4443dfb00ac5ac19bb180686fd"}
,"C:\\www\\meet\\src\\components\\Event.jsx": {"path":"C:\\www\\meet\\src\\components\\Event.jsx","statementMap":{"0":{"start":{"line":5,"column":40},"end":{"line":5,"column":55}},"1":{"start":{"line":7,"column":2},"end":{"line":21,"column":4}},"2":{"start":{"line":12,"column":29},"end":{"line":12,"column":57}}},"fnMap":{"0":{"name":"Event","decl":{"start":{"line":4,"column":9},"end":{"line":4,"column":14}},"loc":{"start":{"line":4,"column":26},"end":{"line":22,"column":1}},"line":4},"1":{"name":"(anonymous_1)","decl":{"start":{"line":12,"column":23},"end":{"line":12,"column":24}},"loc":{"start":{"line":12,"column":29},"end":{"line":12,"column":57}},"line":12}},"branchMap":{"0":{"loc":{"start":{"line":13,"column":9},"end":{"line":13,"column":54}},"type":"cond-expr","locations":[{"start":{"line":13,"column":23},"end":{"line":13,"column":37}},{"start":{"line":13,"column":40},"end":{"line":13,"column":54}}],"line":13},"1":{"loc":{"start":{"line":15,"column":7},"end":{"line":19,"column":7}},"type":"binary-expr","locations":[{"start":{"line":15,"column":7},"end":{"line":15,"column":18}},{"start":{"line":16,"column":8},"end":{"line":18,"column":14}}],"line":15}},"s":{"0":45,"1":45,"2":3},"f":{"0":45,"1":3},"b":{"0":[2,43],"1":[45,2]},"_coverageSchema":"1a1c01bbd47fc00a2c39e90264f33305004495a9","hash":"a7206015a33b40035740791bb1559087abfff75e"}
,"C:\\www\\meet\\src\\components\\EventList.jsx": {"path":"C:\\www\\meet\\src\\components\\EventList.jsx","statementMap":{"0":{"start":{"line":6,"column":18},"end":{"line":14,"column":1}},"1":{"start":{"line":7,"column":1},"end":{"line":13,"column":3}},"2":{"start":{"line":10,"column":27},"end":{"line":10,"column":65}}},"fnMap":{"0":{"name":"(anonymous_0)","decl":{"start":{"line":6,"column":18},"end":{"line":6,"column":19}},"loc":{"start":{"line":6,"column":34},"end":{"line":14,"column":1}},"line":6},"1":{"name":"(anonymous_1)","decl":{"start":{"line":10,"column":18},"end":{"line":10,"column":19}},"loc":{"start":{"line":10,"column":27},"end":{"line":10,"column":65}},"line":10}},"branchMap":{"0":{"loc":{"start":{"line":9,"column":6},"end":{"line":11,"column":11}},"type":"cond-expr","locations":[{"start":{"line":10,"column":7},"end":{"line":10,"column":66}},{"start":{"line":11,"column":7},"end":{"line":11,"column":11}}],"line":9}},"s":{"0":2,"1":7,"2":35},"f":{"0":7,"1":35},"b":{"0":[1,6]},"_coverageSchema":"1a1c01bbd47fc00a2c39e90264f33305004495a9","hash":"b1b3f16fc017d61fc0c24f4508f2141df16861a3"}
,"C:\\www\\meet\\src\\components\\NumberOfEvents.jsx": {"path":"C:\\www\\meet\\src\\components\\NumberOfEvents.jsx","statementMap":{"0":{"start":{"line":5,"column":2},"end":{"line":9,"column":4}}},"fnMap":{"0":{"name":"NumberOfEvents","decl":{"start":{"line":4,"column":9},"end":{"line":4,"column":23}},"loc":{"start":{"line":4,"column":26},"end":{"line":10,"column":1}},"line":4}},"branchMap":{},"s":{"0":7},"f":{"0":7},"b":{},"_coverageSchema":"1a1c01bbd47fc00a2c39e90264f33305004495a9","hash":"4c5256f7a822c4bb270499d6d418aa3157e03257"}
}
