{"C:\\www\\meet\\src\\App.jsx": {"path":"C:\\www\\meet\\src\\App.jsx","statementMap":{"0":{"start":{"line":8,"column":30},"end":{"line":8,"column":42}},"1":{"start":{"line":9,"column":40},"end":{"line":9,"column":55}},"2":{"start":{"line":10,"column":38},"end":{"line":10,"column":50}},"3":{"start":{"line":12,"column":2},"end":{"line":18,"column":32}},"4":{"start":{"line":13,"column":17},"end":{"line":16,"column":5}},"5":{"start":{"line":14,"column":19},"end":{"line":14,"column":83}},"6":{"start":{"line":15,"column":6},"end":{"line":15,"column":22}},"7":{"start":{"line":17,"column":4},"end":{"line":17,"column":11}},"8":{"start":{"line":20,"column":2},"end":{"line":29,"column":4}}},"fnMap":{"0":{"name":"App","decl":{"start":{"line":7,"column":24},"end":{"line":7,"column":27}},"loc":{"start":{"line":7,"column":30},"end":{"line":30,"column":1}},"line":7},"1":{"name":"(anonymous_1)","decl":{"start":{"line":12,"column":12},"end":{"line":12,"column":13}},"loc":{"start":{"line":12,"column":18},"end":{"line":18,"column":3}},"line":12},"2":{"name":"(anonymous_2)","decl":{"start":{"line":13,"column":17},"end":{"line":13,"column":18}},"loc":{"start":{"line":13,"column":29},"end":{"line":16,"column":5}},"line":13}},"branchMap":{},"s":{"0":0,"1":0,"2":0,"3":0,"4":0,"5":0,"6":0,"7":0,"8":0},"f":{"0":0,"1":0,"2":0},"b":{},"_coverageSchema":"1a1c01bbd47fc00a2c39e90264f33305004495a9","hash":"0f51829325441fe21460537c76cd5a356a8829b9"}
,"C:\\www\\meet\\src\\api.js": {"path":"C:\\www\\meet\\src\\api.js","statementMap":{"0":{"start":{"line":2,"column":17},"end":{"line":2,"column":38}},"1":{"start":{"line":3,"column":2},"end":{"line":3,"column":49}},"2":{"start":{"line":3,"column":16},"end":{"line":3,"column":49}},"3":{"start":{"line":4,"column":2},"end":{"line":4,"column":59}},"4":{"start":{"line":4,"column":16},"end":{"line":4,"column":59}},"5":{"start":{"line":5,"column":14},"end":{"line":5,"column":65}},"6":{"start":{"line":6,"column":2},"end":{"line":6,"column":57}},"7":{"start":{"line":6,"column":15},"end":{"line":6,"column":57}},"8":{"start":{"line":7,"column":15},"end":{"line":7,"column":31}},"9":{"start":{"line":8,"column":2},"end":{"line":8,"column":75}}},"fnMap":{"0":{"name":"getEvents","decl":{"start":{"line":1,"column":22},"end":{"line":1,"column":31}},"loc":{"start":{"line":1,"column":74},"end":{"line":9,"column":1}},"line":1}},"branchMap":{"0":{"loc":{"start":{"line":1,"column":32},"end":{"line":1,"column":72}},"type":"default-arg","locations":[{"start":{"line":1,"column":70},"end":{"line":1,"column":72}}],"line":1},"1":{"loc":{"start":{"line":1,"column":34},"end":{"line":1,"column":50}},"type":"default-arg","locations":[{"start":{"line":1,"column":45},"end":{"line":1,"column":50}}],"line":1},"2":{"loc":{"start":{"line":1,"column":52},"end":{"line":1,"column":65}},"type":"default-arg","locations":[{"start":{"line":1,"column":63},"end":{"line":1,"column":65}}],"line":1},"3":{"loc":{"start":{"line":3,"column":2},"end":{"line":3,"column":49}},"type":"if","locations":[{"start":{"line":3,"column":2},"end":{"line":3,"column":49}},{"start":{},"end":{}}],"line":3},"4":{"loc":{"start":{"line":4,"column":2},"end":{"line":4,"column":59}},"type":"if","locations":[{"start":{"line":4,"column":2},"end":{"line":4,"column":59}},{"start":{},"end":{}}],"line":4},"5":{"loc":{"start":{"line":6,"column":2},"end":{"line":6,"column":57}},"type":"if","locations":[{"start":{"line":6,"column":2},"end":{"line":6,"column":57}},{"start":{},"end":{}}],"line":6},"6":{"loc":{"start":{"line":8,"column":9},"end":{"line":8,"column":74}},"type":"cond-expr","locations":[{"start":{"line":8,"column":39},"end":{"line":8,"column":69}},{"start":{"line":8,"column":72},"end":{"line":8,"column":74}}],"line":8}},"s":{"0":4,"1":4,"2":4,"3":4,"4":4,"5":4,"6":0,"7":0,"8":0,"9":0},"f":{"0":4},"b":{"0":[4],"1":[4],"2":[4],"3":[4,0],"4":[4,0],"5":[0,0],"6":[0,0]},"_coverageSchema":"1a1c01bbd47fc00a2c39e90264f33305004495a9","hash":"2e9bc0bc73cf5210b18d340f0b4a3bc0654aef96"}
,"C:\\www\\meet\\src\\mock-data.js": {"path":"C:\\www\\meet\\src\\mock-data.js","statementMap":{"0":{"start":{"line":3,"column":17},"end":{"line":1439,"column":1}}},"fnMap":{},"branchMap":{},"s":{"0":1},"f":{},"b":{},"_coverageSchema":"1a1c01bbd47fc00a2c39e90264f33305004495a9","hash":"bcfd28f2e52827c4d8fdcdc5f56d11ef886207c2"}
,"C:\\www\\meet\\src\\components\\CitySearch.jsx": {"path":"C:\\www\\meet\\src\\components\\CitySearch.jsx","statementMap":{"0":{"start":{"line":5,"column":19},"end":{"line":54,"column":1}},"1":{"start":{"line":6,"column":48},"end":{"line":6,"column":63}},"2":{"start":{"line":7,"column":28},"end":{"line":7,"column":40}},"3":{"start":{"line":8,"column":40},"end":{"line":8,"column":52}},"4":{"start":{"line":10,"column":29},"end":{"line":20,"column":3}},"5":{"start":{"line":11,"column":18},"end":{"line":11,"column":36}},"6":{"start":{"line":12,"column":30},"end":{"line":16,"column":10}},"7":{"start":{"line":14,"column":10},"end":{"line":14,"column":74}},"8":{"start":{"line":18,"column":4},"end":{"line":18,"column":20}},"9":{"start":{"line":19,"column":4},"end":{"line":19,"column":38}},"10":{"start":{"line":22,"column":28},"end":{"line":26,"column":3}},"11":{"start":{"line":23,"column":18},"end":{"line":23,"column":42}},"12":{"start":{"line":24,"column":4},"end":{"line":24,"column":20}},"13":{"start":{"line":25,"column":4},"end":{"line":25,"column":30}},"14":{"start":{"line":28,"column":2},"end":{"line":53,"column":4}},"15":{"start":{"line":35,"column":23},"end":{"line":35,"column":47}},"16":{"start":{"line":41,"column":12},"end":{"line":45,"column":14}}},"fnMap":{"0":{"name":"(anonymous_0)","decl":{"start":{"line":5,"column":19},"end":{"line":5,"column":20}},"loc":{"start":{"line":5,"column":41},"end":{"line":54,"column":1}},"line":5},"1":{"name":"(anonymous_1)","decl":{"start":{"line":10,"column":29},"end":{"line":10,"column":30}},"loc":{"start":{"line":10,"column":40},"end":{"line":20,"column":3}},"line":10},"2":{"name":"(anonymous_2)","decl":{"start":{"line":13,"column":28},"end":{"line":13,"column":29}},"loc":{"start":{"line":13,"column":42},"end":{"line":15,"column":9}},"line":13},"3":{"name":"(anonymous_3)","decl":{"start":{"line":22,"column":28},"end":{"line":22,"column":29}},"loc":{"start":{"line":22,"column":39},"end":{"line":26,"column":3}},"line":22},"4":{"name":"(anonymous_4)","decl":{"start":{"line":35,"column":17},"end":{"line":35,"column":18}},"loc":{"start":{"line":35,"column":23},"end":{"line":35,"column":47}},"line":35},"5":{"name":"(anonymous_5)","decl":{"start":{"line":40,"column":27},"end":{"line":40,"column":28}},"loc":{"start":{"line":40,"column":43},"end":{"line":46,"column":11}},"line":40}},"branchMap":{"0":{"loc":{"start":{"line":12,"column":30},"end":{"line":16,"column":10}},"type":"cond-expr","locations":[{"start":{"line":13,"column":8},"end":{"line":15,"column":10}},{"start":{"line":16,"column":8},"end":{"line":16,"column":10}}],"line":12},"1":{"loc":{"start":{"line":38,"column":7},"end":{"line":51,"column":14}},"type":"cond-expr","locations":[{"start":{"line":39,"column":8},"end":{"line":50,"column":13}},{"start":{"line":51,"column":10},"end":{"line":51,"column":14}}],"line":38}},"s":{"0":2,"1":6,"2":6,"3":6,"4":6,"5":0,"6":0,"7":0,"8":0,"9":0,"10":6,"11":0,"12":0,"13":0,"14":6,"15":1,"16":0},"f":{"0":6,"1":0,"2":0,"3":0,"4":1,"5":0},"b":{"0":[0,0],"1":[1,5]},"_coverageSchema":"1a1c01bbd47fc00a2c39e90264f33305004495a9","hash":"fbba7bd4e86d3716a8c7251d476ed842842e2a03"}
,"C:\\www\\meet\\src\\components\\Event.jsx": {"path":"C:\\www\\meet\\src\\components\\Event.jsx","statementMap":{"0":{"start":{"line":5,"column":40},"end":{"line":5,"column":55}},"1":{"start":{"line":7,"column":2},"end":{"line":21,"column":4}},"2":{"start":{"line":12,"column":29},"end":{"line":12,"column":57}}},"fnMap":{"0":{"name":"Event","decl":{"start":{"line":4,"column":9},"end":{"line":4,"column":14}},"loc":{"start":{"line":4,"column":26},"end":{"line":22,"column":1}},"line":4},"1":{"name":"(anonymous_1)","decl":{"start":{"line":12,"column":23},"end":{"line":12,"column":24}},"loc":{"start":{"line":12,"column":29},"end":{"line":12,"column":57}},"line":12}},"branchMap":{"0":{"loc":{"start":{"line":13,"column":9},"end":{"line":13,"column":54}},"type":"cond-expr","locations":[{"start":{"line":13,"column":23},"end":{"line":13,"column":37}},{"start":{"line":13,"column":40},"end":{"line":13,"column":54}}],"line":13},"1":{"loc":{"start":{"line":15,"column":7},"end":{"line":19,"column":7}},"type":"binary-expr","locations":[{"start":{"line":15,"column":7},"end":{"line":15,"column":18}},{"start":{"line":16,"column":8},"end":{"line":18,"column":14}}],"line":15}},"s":{"0":0,"1":0,"2":0},"f":{"0":0,"1":0},"b":{"0":[0,0],"1":[0,0]},"_coverageSchema":"1a1c01bbd47fc00a2c39e90264f33305004495a9","hash":"a7206015a33b40035740791bb1559087abfff75e"}
,"C:\\www\\meet\\src\\components\\EventList.jsx": {"path":"C:\\www\\meet\\src\\components\\EventList.jsx","statementMap":{"0":{"start":{"line":5,"column":18},"end":{"line":13,"column":1}},"1":{"start":{"line":6,"column":2},"end":{"line":12,"column":4}},"2":{"start":{"line":9,"column":32},"end":{"line":9,"column":70}}},"fnMap":{"0":{"name":"(anonymous_0)","decl":{"start":{"line":5,"column":18},"end":{"line":5,"column":19}},"loc":{"start":{"line":5,"column":34},"end":{"line":13,"column":1}},"line":5},"1":{"name":"(anonymous_1)","decl":{"start":{"line":9,"column":21},"end":{"line":9,"column":22}},"loc":{"start":{"line":9,"column":32},"end":{"line":9,"column":70}},"line":9}},"branchMap":{"0":{"loc":{"start":{"line":8,"column":7},"end":{"line":10,"column":14}},"type":"cond-expr","locations":[{"start":{"line":9,"column":10},"end":{"line":9,"column":71}},{"start":{"line":10,"column":10},"end":{"line":10,"column":14}}],"line":8}},"s":{"0":2,"1":2,"2":0},"f":{"0":2,"1":0},"b":{"0":[0,2]},"_coverageSchema":"1a1c01bbd47fc00a2c39e90264f33305004495a9","hash":"9d25714c4544178b57d337ca0df28106ba21f053"}
,"C:\\www\\meet\\src\\components\\NumberOfEvents.jsx": {"path":"C:\\www\\meet\\src\\components\\NumberOfEvents.jsx","statementMap":{"0":{"start":{"line":2,"column":23},"end":{"line":5,"column":3}},"1":{"start":{"line":3,"column":14},"end":{"line":3,"column":36}},"2":{"start":{"line":4,"column":4},"end":{"line":4,"column":52}},"3":{"start":{"line":7,"column":2},"end":{"line":19,"column":4}}},"fnMap":{"0":{"name":"NumberOfEvents","decl":{"start":{"line":1,"column":24},"end":{"line":1,"column":38}},"loc":{"start":{"line":1,"column":70},"end":{"line":20,"column":1}},"line":1},"1":{"name":"(anonymous_1)","decl":{"start":{"line":2,"column":23},"end":{"line":2,"column":24}},"loc":{"start":{"line":2,"column":30},"end":{"line":5,"column":3}},"line":2}},"branchMap":{"0":{"loc":{"start":{"line":4,"column":18},"end":{"line":4,"column":50}},"type":"cond-expr","locations":[{"start":{"line":4,"column":45},"end":{"line":4,"column":46}},{"start":{"line":4,"column":49},"end":{"line":4,"column":50}}],"line":4},"1":{"loc":{"start":{"line":4,"column":18},"end":{"line":4,"column":42}},"type":"binary-expr","locations":[{"start":{"line":4,"column":18},"end":{"line":4,"column":33}},{"start":{"line":4,"column":37},"end":{"line":4,"column":42}}],"line":4}},"s":{"0":12,"1":0,"2":0,"3":12},"f":{"0":12,"1":0},"b":{"0":[0,0],"1":[0,0]},"_coverageSchema":"1a1c01bbd47fc00a2c39e90264f33305004495a9","hash":"11874534b2f959ecc6bd756df7b76360ff75fc78"}
}
