TN:
SF:src\App.jsx
FN:8,(anonymous_0)
FNF:1
FNH:1
FNDA:4,(anonymous_0)
DA:8,1
DA:9,4
LF:2
LH:2
BRF:0
BRH:0
end_of_record
TN:
SF:src\api.js
FN:15,(anonymous_0)
FN:16,(anonymous_1)
FN:26,(anonymous_2)
FNF:3
FNH:3
FNDA:2,(anonymous_0)
FNDA:70,(anonymous_1)
FNDA:4,(anonymous_2)
DA:15,3
DA:16,70
DA:17,2
DA:18,2
DA:26,3
DA:27,4
LF:6
LH:6
BRF:0
BRH:0
end_of_record
TN:
SF:src\mock-data.js
FNF:0
FNH:0
DA:3,3
LF:1
LH:1
BRF:0
BRH:0
end_of_record
TN:
SF:src\components\CitySearch.jsx
FN:7,(anonymous_0)
FN:12,(anonymous_1)
FN:14,(anonymous_2)
FN:23,(anonymous_3)
FN:36,(anonymous_4)
FN:41,(anonymous_5)
FNF:6
FNH:6
FNDA:27,(anonymous_0)
FNDA:12,(anonymous_1)
FNDA:24,(anonymous_2)
FNDA:1,(anonymous_3)
FNDA:3,(anonymous_4)
FNDA:12,(anonymous_5)
DA:7,2
DA:8,27
DA:9,27
DA:10,27
DA:12,27
DA:13,12
DA:14,12
DA:15,24
DA:19,12
DA:20,12
DA:23,27
DA:24,1
DA:25,1
DA:26,1
DA:29,27
DA:36,3
DA:42,12
LF:17
LH:17
BRDA:14,0,0,12
BRDA:14,0,1,0
BRDA:39,1,0,15
BRDA:39,1,1,12
BRF:4
BRH:3
end_of_record
TN:
SF:src\components\Event.jsx
FN:4,Event
FN:12,(anonymous_1)
FNF:2
FNH:2
FNDA:45,Event
FNDA:3,(anonymous_1)
DA:5,45
DA:7,45
DA:12,3
LF:3
LH:3
BRDA:13,0,0,2
BRDA:13,0,1,43
BRDA:15,1,0,45
BRDA:15,1,1,2
BRF:4
BRH:4
end_of_record
TN:
SF:src\components\EventList.jsx
FN:6,(anonymous_0)
FN:10,(anonymous_1)
FNF:2
FNH:2
FNDA:7,(anonymous_0)
FNDA:35,(anonymous_1)
DA:6,2
DA:7,7
DA:10,35
LF:3
LH:3
BRDA:9,0,0,1
BRDA:9,0,1,6
BRF:2
BRH:2
end_of_record
TN:
SF:src\components\NumberOfEvents.jsx
FN:4,NumberOfEvents
FNF:1
FNH:1
FNDA:7,NumberOfEvents
DA:5,7
LF:1
LH:1
BRF:0
BRH:0
end_of_record
