TN:
SF:src\App.jsx
FN:7,App
FN:12,(anonymous_1)
FN:13,(anonymous_2)
FNF:3
FNH:0
FNDA:0,App
FNDA:0,(anonymous_1)
FNDA:0,(anonymous_2)
DA:8,0
DA:9,0
DA:10,0
DA:12,0
DA:13,0
DA:14,0
DA:15,0
DA:17,0
DA:20,0
LF:9
LH:0
BRF:0
BRH:0
end_of_record
TN:
SF:src\api.js
FN:1,getEvents
FNF:1
FNH:1
FNDA:4,getEvents
DA:2,4
DA:3,4
DA:4,4
DA:5,4
DA:6,0
DA:7,0
DA:8,0
LF:7
LH:4
BRDA:1,0,0,4
BRDA:1,1,0,4
BRDA:1,2,0,4
BRDA:3,3,0,4
BRDA:3,3,1,0
BRDA:4,4,0,4
BRDA:4,4,1,0
BRDA:6,5,0,0
BRDA:6,5,1,0
BRDA:8,6,0,0
BRDA:8,6,1,0
BRF:11
BRH:5
end_of_record
TN:
SF:src\mock-data.js
FNF:0
FNH:0
DA:3,1
LF:1
LH:1
BRF:0
BRH:0
end_of_record
TN:
SF:src\components\CitySearch.jsx
FN:5,(anonymous_0)
FN:10,(anonymous_1)
FN:13,(anonymous_2)
FN:22,(anonymous_3)
FN:35,(anonymous_4)
FN:40,(anonymous_5)
FNF:6
FNH:2
FNDA:6,(anonymous_0)
FNDA:0,(anonymous_1)
FNDA:0,(anonymous_2)
FNDA:0,(anonymous_3)
FNDA:1,(anonymous_4)
FNDA:0,(anonymous_5)
DA:5,2
DA:6,6
DA:7,6
DA:8,6
DA:10,6
DA:11,0
DA:12,0
DA:14,0
DA:18,0
DA:19,0
DA:22,6
DA:23,0
DA:24,0
DA:25,0
DA:28,6
DA:35,1
DA:41,0
LF:17
LH:8
BRDA:12,0,0,0
BRDA:12,0,1,0
BRDA:38,1,0,1
BRDA:38,1,1,5
BRF:4
BRH:2
end_of_record
TN:
SF:src\components\Event.jsx
FN:4,Event
FN:12,(anonymous_1)
FNF:2
FNH:0
FNDA:0,Event
FNDA:0,(anonymous_1)
DA:5,0
DA:7,0
DA:12,0
LF:3
LH:0
BRDA:13,0,0,0
BRDA:13,0,1,0
BRDA:15,1,0,0
BRDA:15,1,1,0
BRF:4
BRH:0
end_of_record
TN:
SF:src\components\EventList.jsx
FN:5,(anonymous_0)
FN:9,(anonymous_1)
FNF:2
FNH:1
FNDA:2,(anonymous_0)
FNDA:0,(anonymous_1)
DA:5,2
DA:6,2
DA:9,0
LF:3
LH:2
BRDA:8,0,0,0
BRDA:8,0,1,2
BRF:2
BRH:1
end_of_record
TN:
SF:src\components\NumberOfEvents.jsx
FN:1,NumberOfEvents
FN:2,(anonymous_1)
FNF:2
FNH:1
FNDA:12,NumberOfEvents
FNDA:0,(anonymous_1)
DA:2,12
DA:3,0
DA:4,0
DA:7,12
LF:4
LH:2
BRDA:4,0,0,0
BRDA:4,0,1,0
BRDA:4,1,0,0
BRDA:4,1,1,0
BRF:4
BRH:0
end_of_record
